array (
  'request_start_time' => '2014-09-26 15:06:18',
  'request_url' => 'http://172.16.10.79:8080/hw-sq-wy-web/login/selectVillage.do',
  'request_data' => 'mobileNumber=13916359545',
  'response_data' => 
  array (
    'status' => '1',
    'data' => 
    array (
      'content' => 
      array (
        0 => 
        array (
          'villageId' => 8032,
          'villageName' => '宝平苑',
          'villageAddress' => NULL,
          'longitude' => NULL,
          'latitude' => NULL,
          'distance' => NULL,
        ),
      ),
      'sort' => NULL,
      'totalElements' => 1,
      'totalPages' => 1,
      'numberOfElements' => 1,
      'lastPage' => true,
      'firstPage' => true,
      'size' => 0,
      'number' => 0,
    ),
    'detail' => '请求数据成功!',
    'key' => NULL,
  ),
  'request_end_time' => '2014-09-26 15:06:18',
  'curl_request_info' => 
  array (
    'url' => 'http://172.16.10.79:8080/hw-sq-wy-web/login/selectVillage.do',
    'content_type' => 'application/json;charset=UTF-8',
    'http_code' => 200,
    'header_size' => 245,
    'request_size' => 185,
    'filetime' => -1,
    'ssl_verify_result' => 0,
    'redirect_count' => 0,
    'total_time' => 0.031,
    'namelookup_time' => 0,
    'connect_time' => 0.016,
    'pretransfer_time' => 0.016,
    'size_upload' => 24,
    'size_download' => 312,
    'speed_download' => 10064,
    'speed_upload' => 774,
    'download_content_length' => -1,
    'upload_content_length' => 24,
    'starttransfer_time' => 0.031,
    'redirect_time' => 0,
    'certinfo' => 
    array (
    ),
    'redirect_url' => '',
  ),
)
////////////////////////////////////////////////////////////////////////////////
array (
  'request_start_time' => '2014-09-26 15:06:45',
  'request_url' => 'http://172.16.10.79:8080/hw-sq-wy-web/login/enter.do',
  'request_data' => 'mobileNumber=13916359545&password=w27E29cb0&villageId=8032',
  'response_data' => 
  array (
    'status' => '1',
    'data' => 
    array (
      'userId' => 1000515000515,
      'adminId' => 1001515516,
      'adminName' => NULL,
      'tenementId' => 1001281281,
      'tenementName' => '大高高',
      'tenementNum' => 0,
    ),
    'detail' => '请求数据成功!',
    'key' => 'd43e4d39-78b7-4159-981b-c63dfa127ebd',
  ),
  'request_end_time' => '2014-09-26 15:06:45',
  'curl_request_info' => 
  array (
    'url' => 'http://172.16.10.79:8080/hw-sq-wy-web/login/enter.do',
    'content_type' => 'application/json;charset=UTF-8',
    'http_code' => 200,
    'header_size' => 245,
    'request_size' => 211,
    'filetime' => -1,
    'ssl_verify_result' => 0,
    'redirect_count' => 0,
    'total_time' => 0.062,
    'namelookup_time' => 0,
    'connect_time' => 0.016,
    'pretransfer_time' => 0.016,
    'size_upload' => 58,
    'size_download' => 227,
    'speed_download' => 3661,
    'speed_upload' => 935,
    'download_content_length' => -1,
    'upload_content_length' => 58,
    'starttransfer_time' => 0.062,
    'redirect_time' => 0,
    'certinfo' => 
    array (
    ),
    'redirect_url' => '',
  ),
)
////////////////////////////////////////////////////////////////////////////////
array (
  'request_start_time' => '2014-09-26 15:06:45',
  'request_url' => 'http://172.16.10.79:8080/hw-sq-wy-web/wy/index.do',
  'request_data' => 'tenementId=1001281281&valliageId=8032&key=d43e4d39-78b7-4159-981b-c63dfa127ebd',
  'response_data' => 
  array (
    'status' => '1',
    'data' => 
    array (
      'noticeDtoList' => 
      array (
        0 => 
        array (
          'topic' => 
          array (
            'topicId' => 1001438438,
            'creater' => 1000391000391,
            'createTime' => 1411652199000,
            'modifier' => NULL,
            'modifyTime' => 1411652199000,
            'version' => NULL,
            'disabled' => 0,
            'topic' => '物业公告',
            'content' => '我的带的没看到我去独门武器独门武器带我去的我却离开电脑网青岛难为情',
            'status' => 1,
            'businessType' => 1,
            'parentTopicId' => NULL,
            'referBusinessId' => 1001281281,
            'releaseType' => 21,
            'viewRange' => 0,
            'valliageId' => 8032,
            'isTask' => 0,
            'tagId' => NULL,
            'isRead' => NULL,
            'isAnonymous' => NULL,
            'tagCount' => NULL,
            'isLater' => NULL,
          ),
          'replyTimes' => 6,
          'communityReplyList' => 
          array (
            0 => 
            array (
              'replyId' => 2001050,
              'content' => '好咯哦哦YY',
              'status' => NULL,
              'disabled' => NULL,
              'referId' => NULL,
              'replyTime' => NULL,
              'userName' => NULL,
              'mongoKey' => NULL,
              'createTime' => 1411699613000,
              'creater' => 1000276000275,
              'nickName' => '可爱的小高',
              'mongodbKey' => NULL,
              'floor' => NULL,
              'headUrl' => NULL,
              'userType' => NULL,
            ),
            1 => 
            array (
              'replyId' => 2001052,
              'content' => '回复可爱的小高 :  把那份渴望那份泡温泉南方',
              'status' => NULL,
              'disabled' => NULL,
              'referId' => NULL,
              'replyTime' => NULL,
              'userName' => NULL,
              'mongoKey' => NULL,
              'createTime' => 1411699639000,
              'creater' => 1000391000391,
              'nickName' => NULL,
              'mongodbKey' => NULL,
              'floor' => NULL,
              'headUrl' => NULL,
              'userType' => NULL,
            ),
            2 => 
            array (
              'replyId' => 2001052,
              'content' => '回复可爱的小高 :  把那份渴望那份泡温泉南方',
              'status' => NULL,
              'disabled' => NULL,
              'referId' => NULL,
              'replyTime' => NULL,
              'userName' => NULL,
              'mongoKey' => NULL,
              'createTime' => 1411699639000,
              'creater' => 1000391000391,
              'nickName' => NULL,
              'mongodbKey' => NULL,
              'floor' => NULL,
              'headUrl' => NULL,
              'userType' => NULL,
            ),
            3 => 
            array (
              'replyId' => 2001052,
              'content' => '回复可爱的小高 :  把那份渴望那份泡温泉南方',
              'status' => NULL,
              'disabled' => NULL,
              'referId' => NULL,
              'replyTime' => NULL,
              'userName' => NULL,
              'mongoKey' => NULL,
              'createTime' => 1411699639000,
              'creater' => 1000391000391,
              'nickName' => NULL,
              'mongodbKey' => NULL,
              'floor' => NULL,
              'headUrl' => NULL,
              'userType' => NULL,
            ),
            4 => 
            array (
              'replyId' => 2001053,
              'content' => '回复可爱的小高 :草草草草草草',
              'status' => NULL,
              'disabled' => NULL,
              'referId' => NULL,
              'replyTime' => NULL,
              'userName' => NULL,
              'mongoKey' => NULL,
              'createTime' => 1411699717000,
              'creater' => 1000391000391,
              'nickName' => NULL,
              'mongodbKey' => NULL,
              'floor' => NULL,
              'headUrl' => NULL,
              'userType' => NULL,
            ),
            5 => 
            array (
              'replyId' => 2001053,
              'content' => '回复可爱的小高 :草草草草草草',
              'status' => NULL,
              'disabled' => NULL,
              'referId' => NULL,
              'replyTime' => NULL,
              'userName' => NULL,
              'mongoKey' => NULL,
              'createTime' => 1411699717000,
              'creater' => 1000391000391,
              'nickName' => NULL,
              'mongodbKey' => NULL,
              'floor' => NULL,
              'headUrl' => NULL,
              'userType' => NULL,
            ),
            6 => 
            array (
              'replyId' => 2001053,
              'content' => '回复可爱的小高 :草草草草草草',
              'status' => NULL,
              'disabled' => NULL,
              'referId' => NULL,
              'replyTime' => NULL,
              'userName' => NULL,
              'mongoKey' => NULL,
              'createTime' => 1411699717000,
              'creater' => 1000391000391,
              'nickName' => NULL,
              'mongodbKey' => NULL,
              'floor' => NULL,
              'headUrl' => NULL,
              'userType' => NULL,
            ),
            7 => 
            array (
              'replyId' => 2001058,
              'content' => '回复可爱的小高 :  踩踩踩踩',
              'status' => NULL,
              'disabled' => NULL,
              'referId' => NULL,
              'replyTime' => NULL,
              'userName' => NULL,
              'mongoKey' => NULL,
              'createTime' => 1411699761000,
              'creater' => 1000391000391,
              'nickName' => NULL,
              'mongodbKey' => NULL,
              'floor' => NULL,
              'headUrl' => NULL,
              'userType' => NULL,
            ),
            8 => 
            array (
              'replyId' => 2001058,
              'content' => '回复可爱的小高 :  踩踩踩踩',
              'status' => NULL,
              'disabled' => NULL,
              'referId' => NULL,
              'replyTime' => NULL,
              'userName' => NULL,
              'mongoKey' => NULL,
              'createTime' => 1411699761000,
              'creater' => 1000391000391,
              'nickName' => NULL,
              'mongodbKey' => NULL,
              'floor' => NULL,
              'headUrl' => NULL,
              'userType' => NULL,
            ),
            9 => 
            array (
              'replyId' => 2001058,
              'content' => '回复可爱的小高 :  踩踩踩踩',
              'status' => NULL,
              'disabled' => NULL,
              'referId' => NULL,
              'replyTime' => NULL,
              'userName' => NULL,
              'mongoKey' => NULL,
              'createTime' => 1411699761000,
              'creater' => 1000391000391,
              'nickName' => NULL,
              'mongodbKey' => NULL,
              'floor' => NULL,
              'headUrl' => NULL,
              'userType' => NULL,
            ),
            10 => 
            array (
              'replyId' => 2001059,
              'content' => '回复可爱的小高 :  东城大道点点滴滴',
              'status' => NULL,
              'disabled' => NULL,
              'referId' => NULL,
              'replyTime' => NULL,
              'userName' => NULL,
              'mongoKey' => NULL,
              'createTime' => 1411699901000,
              'creater' => 1000391000391,
              'nickName' => NULL,
              'mongodbKey' => NULL,
              'floor' => NULL,
              'headUrl' => NULL,
              'userType' => NULL,
            ),
            11 => 
            array (
              'replyId' => 2001059,
              'content' => '回复可爱的小高 :  东城大道点点滴滴',
              'status' => NULL,
              'disabled' => NULL,
              'referId' => NULL,
              'replyTime' => NULL,
              'userName' => NULL,
              'mongoKey' => NULL,
              'createTime' => 1411699901000,
              'creater' => 1000391000391,
              'nickName' => NULL,
              'mongodbKey' => NULL,
              'floor' => NULL,
              'headUrl' => NULL,
              'userType' => NULL,
            ),
            12 => 
            array (
              'replyId' => 2001059,
              'content' => '回复可爱的小高 :  东城大道点点滴滴',
              'status' => NULL,
              'disabled' => NULL,
              'referId' => NULL,
              'replyTime' => NULL,
              'userName' => NULL,
              'mongoKey' => NULL,
              'createTime' => 1411699901000,
              'creater' => 1000391000391,
              'nickName' => NULL,
              'mongodbKey' => NULL,
              'floor' => NULL,
              'headUrl' => NULL,
              'userType' => NULL,
            ),
            13 => 
            array (
              'replyId' => 2001072,
              'content' => '回复可爱的小高 :  的传递错误错误却',
              'status' => NULL,
              'disabled' => NULL,
              'referId' => NULL,
              'replyTime' => NULL,
              'userName' => NULL,
              'mongoKey' => NULL,
              'createTime' => 1411700114000,
              'creater' => 1000391000391,
              'nickName' => NULL,
              'mongodbKey' => NULL,
              'floor' => NULL,
              'headUrl' => NULL,
              'userType' => NULL,
            ),
            14 => 
            array (
              'replyId' => 2001072,
              'content' => '回复可爱的小高 :  的传递错误错误却',
              'status' => NULL,
              'disabled' => NULL,
              'referId' => NULL,
              'replyTime' => NULL,
              'userName' => NULL,
              'mongoKey' => NULL,
              'createTime' => 1411700114000,
              'creater' => 1000391000391,
              'nickName' => NULL,
              'mongodbKey' => NULL,
              'floor' => NULL,
              'headUrl' => NULL,
              'userType' => NULL,
            ),
            15 => 
            array (
              'replyId' => 2001072,
              'content' => '回复可爱的小高 :  的传递错误错误却',
              'status' => NULL,
              'disabled' => NULL,
              'referId' => NULL,
              'replyTime' => NULL,
              'userName' => NULL,
              'mongoKey' => NULL,
              'createTime' => 1411700114000,
              'creater' => 1000391000391,
              'nickName' => NULL,
              'mongodbKey' => NULL,
              'floor' => NULL,
              'headUrl' => NULL,
              'userType' => NULL,
            ),
          ),
        ),
      ),
      'totalElements' => 1,
      'totalPages' => 1,
      'size' => 10,
    ),
    'detail' => '请求数据成功!',
    'key' => 'd43e4d39-78b7-4159-981b-c63dfa127ebd',
  ),
  'request_end_time' => '2014-09-26 15:06:45',
  'curl_request_info' => 
  array (
    'url' => 'http://172.16.10.79:8080/hw-sq-wy-web/wy/index.do',
    'content_type' => 'application/json;charset=UTF-8',
    'http_code' => 200,
    'header_size' => 157,
    'request_size' => 228,
    'filetime' => -1,
    'ssl_verify_result' => 0,
    'redirect_count' => 0,
    'total_time' => 0.047,
    'namelookup_time' => 0,
    'connect_time' => 0.016,
    'pretransfer_time' => 0.016,
    'size_upload' => 78,
    'size_download' => 5537,
    'speed_download' => 117808,
    'speed_upload' => 1659,
    'download_content_length' => -1,
    'upload_content_length' => 78,
    'starttransfer_time' => 0.047,
    'redirect_time' => 0,
    'certinfo' => 
    array (
    ),
    'redirect_url' => '',
  ),
)
////////////////////////////////////////////////////////////////////////////////
array (
  'request_start_time' => '2014-09-26 15:14:13',
  'request_url' => 'http://172.16.10.79:8080/hw-sq-wy-web/reply/search.do',
  'request_data' => 'villageId=8032&startDate=&endDate=&isRead=&page=0&size=99999&id=0&isLater=1&key=d43e4d39-78b7-4159-981b-c63dfa127ebd',
  'response_data' => 
  array (
    'detail' => '请登录',
    'status' => '-99',
    'data' => '',
  ),
  'request_end_time' => '2014-09-26 15:14:13',
  'curl_request_info' => 
  array (
    'url' => 'http://172.16.10.79:8080/hw-sq-wy-web/reply/search.do',
    'content_type' => 'text/html;charset=UTF-8',
    'http_code' => 200,
    'header_size' => 142,
    'request_size' => 271,
    'filetime' => -1,
    'ssl_verify_result' => 0,
    'redirect_count' => 0,
    'total_time' => 0.015,
    'namelookup_time' => 0,
    'connect_time' => 0,
    'pretransfer_time' => 0,
    'size_upload' => 116,
    'size_download' => 47,
    'speed_download' => 3133,
    'speed_upload' => 7733,
    'download_content_length' => 47,
    'upload_content_length' => 116,
    'starttransfer_time' => 0.015,
    'redirect_time' => 0,
    'certinfo' => 
    array (
    ),
    'redirect_url' => '',
  ),
)
////////////////////////////////////////////////////////////////////////////////
array (
  'request_start_time' => '2014-09-26 15:14:13',
  'request_url' => 'http://172.16.10.79:8080/hw-sq-wy-web/reply/search.do',
  'request_data' => 'villageId=8032&startDate=&endDate=&isRead=&page=0&size=10&id=0&isLater=0&key=d43e4d39-78b7-4159-981b-c63dfa127ebd',
  'response_data' => 
  array (
    'detail' => '请登录',
    'status' => '-99',
    'data' => '',
  ),
  'request_end_time' => '2014-09-26 15:14:13',
  'curl_request_info' => 
  array (
    'url' => 'http://172.16.10.79:8080/hw-sq-wy-web/reply/search.do',
    'content_type' => 'text/html;charset=UTF-8',
    'http_code' => 200,
    'header_size' => 142,
    'request_size' => 268,
    'filetime' => -1,
    'ssl_verify_result' => 0,
    'redirect_count' => 0,
    'total_time' => 0,
    'namelookup_time' => 0,
    'connect_time' => 0,
    'pretransfer_time' => 0,
    'size_upload' => 113,
    'size_download' => 47,
    'speed_download' => 47,
    'speed_upload' => 113,
    'download_content_length' => 47,
    'upload_content_length' => 113,
    'starttransfer_time' => 0,
    'redirect_time' => 0,
    'certinfo' => 
    array (
    ),
    'redirect_url' => '',
  ),
)
////////////////////////////////////////////////////////////////////////////////
array (
  'request_start_time' => '2014-09-26 15:14:14',
  'request_url' => 'http://172.16.10.79:8080/hw-sq-wy-web/wy/index.do',
  'request_data' => 'tenementId=1001281281&valliageId=8032&key=d43e4d39-78b7-4159-981b-c63dfa127ebd',
  'response_data' => 
  array (
    'detail' => '请登录',
    'status' => '-99',
    'data' => '',
  ),
  'request_end_time' => '2014-09-26 15:14:14',
  'curl_request_info' => 
  array (
    'url' => 'http://172.16.10.79:8080/hw-sq-wy-web/wy/index.do',
    'content_type' => 'text/html;charset=UTF-8',
    'http_code' => 200,
    'header_size' => 142,
    'request_size' => 228,
    'filetime' => -1,
    'ssl_verify_result' => 0,
    'redirect_count' => 0,
    'total_time' => 0.015,
    'namelookup_time' => 0,
    'connect_time' => 0,
    'pretransfer_time' => 0,
    'size_upload' => 78,
    'size_download' => 47,
    'speed_download' => 3133,
    'speed_upload' => 5200,
    'download_content_length' => 47,
    'upload_content_length' => 78,
    'starttransfer_time' => 0.015,
    'redirect_time' => 0,
    'certinfo' => 
    array (
    ),
    'redirect_url' => '',
  ),
)
////////////////////////////////////////////////////////////////////////////////
array (
  'request_start_time' => '2014-09-26 15:14:14',
  'request_url' => 'http://172.16.10.79:8080/hw-sq-wy-web/login/logout.do',
  'request_data' => 'key=d43e4d39-78b7-4159-981b-c63dfa127ebd',
  'response_data' => 
  array (
    'status' => '0',
    'data' => '',
    'detail' => '注销失败',
    'key' => 'd43e4d39-78b7-4159-981b-c63dfa127ebd',
  ),
  'request_end_time' => '2014-09-26 15:14:14',
  'curl_request_info' => 
  array (
    'url' => 'http://172.16.10.79:8080/hw-sq-wy-web/login/logout.do',
    'content_type' => 'application/json;charset=UTF-8',
    'http_code' => 200,
    'header_size' => 157,
    'request_size' => 194,
    'filetime' => -1,
    'ssl_verify_result' => 0,
    'redirect_count' => 0,
    'total_time' => 0.016,
    'namelookup_time' => 0,
    'connect_time' => 0,
    'pretransfer_time' => 0,
    'size_upload' => 40,
    'size_download' => 93,
    'speed_download' => 5812,
    'speed_upload' => 2500,
    'download_content_length' => -1,
    'upload_content_length' => 40,
    'starttransfer_time' => 0.016,
    'redirect_time' => 0,
    'certinfo' => 
    array (
    ),
    'redirect_url' => '',
  ),
)
////////////////////////////////////////////////////////////////////////////////
array (
  'request_start_time' => '2014-09-26 15:14:19',
  'request_url' => 'http://172.16.10.79:8080/hw-sq-wy-web/login/selectVillage.do',
  'request_data' => 'mobileNumber=13916359545',
  'response_data' => 
  array (
    'status' => '1',
    'data' => 
    array (
      'content' => 
      array (
        0 => 
        array (
          'villageId' => 8032,
          'villageName' => '宝平苑',
          'villageAddress' => NULL,
          'longitude' => NULL,
          'latitude' => NULL,
          'distance' => NULL,
        ),
      ),
      'sort' => NULL,
      'totalElements' => 1,
      'totalPages' => 1,
      'numberOfElements' => 1,
      'lastPage' => true,
      'firstPage' => true,
      'size' => 0,
      'number' => 0,
    ),
    'detail' => '请求数据成功!',
    'key' => NULL,
  ),
  'request_end_time' => '2014-09-26 15:14:19',
  'curl_request_info' => 
  array (
    'url' => 'http://172.16.10.79:8080/hw-sq-wy-web/login/selectVillage.do',
    'content_type' => 'application/json;charset=UTF-8',
    'http_code' => 200,
    'header_size' => 245,
    'request_size' => 185,
    'filetime' => -1,
    'ssl_verify_result' => 0,
    'redirect_count' => 0,
    'total_time' => 0.016,
    'namelookup_time' => 0,
    'connect_time' => 0.016,
    'pretransfer_time' => 0.016,
    'size_upload' => 24,
    'size_download' => 312,
    'speed_download' => 19500,
    'speed_upload' => 1500,
    'download_content_length' => -1,
    'upload_content_length' => 24,
    'starttransfer_time' => 0.016,
    'redirect_time' => 0,
    'certinfo' => 
    array (
    ),
    'redirect_url' => '',
  ),
)
////////////////////////////////////////////////////////////////////////////////
array (
  'request_start_time' => '2014-09-26 15:14:26',
  'request_url' => 'http://172.16.10.79:8080/hw-sq-wy-web/login/enter.do',
  'request_data' => 'mobileNumber=13916359545&password=123456&villageId=8032',
  'response_data' => 
  array (
    'status' => '0',
    'data' => '',
    'detail' => '密码输入错误',
    'key' => NULL,
  ),
  'request_end_time' => '2014-09-26 15:14:26',
  'curl_request_info' => 
  array (
    'url' => 'http://172.16.10.79:8080/hw-sq-wy-web/login/enter.do',
    'content_type' => 'application/json;charset=UTF-8',
    'http_code' => 200,
    'header_size' => 245,
    'request_size' => 208,
    'filetime' => -1,
    'ssl_verify_result' => 0,
    'redirect_count' => 0,
    'total_time' => 0.031,
    'namelookup_time' => 0,
    'connect_time' => 0.015,
    'pretransfer_time' => 0.015,
    'size_upload' => 55,
    'size_download' => 65,
    'speed_download' => 2096,
    'speed_upload' => 1774,
    'download_content_length' => -1,
    'upload_content_length' => 55,
    'starttransfer_time' => 0.031,
    'redirect_time' => 0,
    'certinfo' => 
    array (
    ),
    'redirect_url' => '',
  ),
)
////////////////////////////////////////////////////////////////////////////////
